<?xml version="1.0" encoding="UTF-8"?>
<testng-results skipped="0" failed="0" ignored="0" total="1" passed="1">
  <reporter-output>
  </reporter-output>
  <suite name="Default suite" duration-ms="5227" started-at="2020-04-17T12:49:12 IST" finished-at="2020-04-17T12:49:17 IST">
    <groups>
    </groups>
    <test name="Default test" duration-ms="5227" started-at="2020-04-17T12:49:12 IST" finished-at="2020-04-17T12:49:17 IST">
      <class name="testcases.TC13_excelSheet_to_Json_to_Testcase">
        <test-method status="PASS" signature="addPlaceAndVerifyStatus()[pri:0, instance:testcases.TC13_excelSheet_to_Json_to_Testcase@3712b94]" name="addPlaceAndVerifyStatus" duration-ms="5174" started-at="2020-04-17T12:49:12 IST" finished-at="2020-04-17T12:49:17 IST">
          <reporter-output>
          </reporter-output>
        </test-method> <!-- addPlaceAndVerifyStatus -->
      </class> <!-- testcases.TC13_excelSheet_to_Json_to_Testcase -->
    </test> <!-- Default test -->
  </suite> <!-- Default suite -->
</testng-results>
